This is pdfTeX, Version 3.14159265-2.6-1.40.15 (TeX Live 2014) (preloaded format=pdflatex 2014.5.25)  23 OCT 2015 12:10
entering extended mode
 restricted \write18 enabled.
 file:line:error style messages enabled.
 %&-line parsing enabled.
**cell_reorder.tex
(./cell_reorder.tex
LaTeX2e <2014/05/01>
Babel <3.9k> and hyphenation patterns for 78 languages loaded.
(/usr/local/texlive/2014/texmf-dist/tex/latex/base/article.cls
Document Class: article 2007/10/19 v1.4h Standard LaTeX document class
(/usr/local/texlive/2014/texmf-dist/tex/latex/base/size11.clo
File: size11.clo 2007/10/19 v1.4h Standard LaTeX file (size option)
)
\c@part=\count79
\c@section=\count80
\c@subsection=\count81
\c@subsubsection=\count82
\c@paragraph=\count83
\c@subparagraph=\count84
\c@figure=\count85
\c@table=\count86
\abovecaptionskip=\skip41
\belowcaptionskip=\skip42
\bibindent=\dimen102
) (./header.tex
(/usr/local/texlive/2014/texmf-dist/tex/latex/amsmath/amsmath.sty
Package: amsmath 2013/01/14 v2.14 AMS math features
\@mathmargin=\skip43

For additional information on amsmath, use the `?' option.
(/usr/local/texlive/2014/texmf-dist/tex/latex/amsmath/amstext.sty
Package: amstext 2000/06/29 v2.01

(/usr/local/texlive/2014/texmf-dist/tex/latex/amsmath/amsgen.sty
File: amsgen.sty 1999/11/30 v2.0
\@emptytoks=\toks14
\ex@=\dimen103
))
(/usr/local/texlive/2014/texmf-dist/tex/latex/amsmath/amsbsy.sty
Package: amsbsy 1999/11/29 v1.2d
\pmbraise@=\dimen104
)
(/usr/local/texlive/2014/texmf-dist/tex/latex/amsmath/amsopn.sty
Package: amsopn 1999/12/14 v2.01 operator names
)
\inf@bad=\count87
LaTeX Info: Redefining \frac on input line 210.
\uproot@=\count88
\leftroot@=\count89
LaTeX Info: Redefining \overline on input line 306.
\classnum@=\count90
\DOTSCASE@=\count91
LaTeX Info: Redefining \ldots on input line 378.
LaTeX Info: Redefining \dots on input line 381.
LaTeX Info: Redefining \cdots on input line 466.
\Mathstrutbox@=\box26
\strutbox@=\box27
\big@size=\dimen105
LaTeX Font Info:    Redeclaring font encoding OML on input line 566.
LaTeX Font Info:    Redeclaring font encoding OMS on input line 567.
\macc@depth=\count92
\c@MaxMatrixCols=\count93
\dotsspace@=\muskip10
\c@parentequation=\count94
\dspbrk@lvl=\count95
\tag@help=\toks15
\row@=\count96
\column@=\count97
\maxfields@=\count98
\andhelp@=\toks16
\eqnshift@=\dimen106
\alignsep@=\dimen107
\tagshift@=\dimen108
\tagwidth@=\dimen109
\totwidth@=\dimen110
\lineht@=\dimen111
\@envbody=\toks17
\multlinegap=\skip44
\multlinetaggap=\skip45
\mathdisplay@stack=\toks18
LaTeX Info: Redefining \[ on input line 2665.
LaTeX Info: Redefining \] on input line 2666.
)
(/usr/local/texlive/2014/texmf-dist/tex/latex/amsfonts/amssymb.sty
Package: amssymb 2013/01/14 v3.01 AMS font symbols

(/usr/local/texlive/2014/texmf-dist/tex/latex/amsfonts/amsfonts.sty
Package: amsfonts 2013/01/14 v3.01 Basic AMSFonts support
\symAMSa=\mathgroup4
\symAMSb=\mathgroup5
LaTeX Font Info:    Overwriting math alphabet `\mathfrak' in version `bold'
(Font)                  U/euf/m/n --> U/euf/b/n on input line 106.
))
(/usr/local/texlive/2014/texmf-dist/tex/latex/booktabs/booktabs.sty
Package: booktabs 2005/04/14 v1.61803 publication quality tables
\heavyrulewidth=\dimen112
\lightrulewidth=\dimen113
\cmidrulewidth=\dimen114
\belowrulesep=\dimen115
\belowbottomsep=\dimen116
\aboverulesep=\dimen117
\abovetopsep=\dimen118
\cmidrulesep=\dimen119
\cmidrulekern=\dimen120
\defaultaddspace=\dimen121
\@cmidla=\count99
\@cmidlb=\count100
\@aboverulesep=\dimen122
\@belowrulesep=\dimen123
\@thisruleclass=\count101
\@lastruleclass=\count102
\@thisrulewidth=\dimen124
)
(/usr/local/texlive/2014/texmf-dist/tex/latex/tools/xspace.sty
Package: xspace 2009/10/20 v1.13 Space after command names (DPC,MH)
)
(/usr/local/texlive/2014/texmf-dist/tex/latex/graphics/graphicx.sty
Package: graphicx 2014/04/25 v1.0g Enhanced LaTeX Graphics (DPC,SPQR)

(/usr/local/texlive/2014/texmf-dist/tex/latex/graphics/keyval.sty
Package: keyval 2014/05/08 v1.15 key=value parser (DPC)
\KV@toks@=\toks19
)
(/usr/local/texlive/2014/texmf-dist/tex/latex/graphics/graphics.sty
Package: graphics 2009/02/05 v1.0o Standard LaTeX Graphics (DPC,SPQR)

(/usr/local/texlive/2014/texmf-dist/tex/latex/graphics/trig.sty
Package: trig 1999/03/16 v1.09 sin cos tan (DPC)
)
(/usr/local/texlive/2014/texmf-dist/tex/latex/latexconfig/graphics.cfg
File: graphics.cfg 2010/04/23 v1.9 graphics configuration of TeX Live
)
Package graphics Info: Driver file: pdftex.def on input line 91.

(/usr/local/texlive/2014/texmf-dist/tex/latex/pdftex-def/pdftex.def
File: pdftex.def 2011/05/27 v0.06d Graphics/color for pdfTeX

(/usr/local/texlive/2014/texmf-dist/tex/generic/oberdiek/infwarerr.sty
Package: infwarerr 2010/04/08 v1.3 Providing info/warning/error messages (HO)
)
(/usr/local/texlive/2014/texmf-dist/tex/generic/oberdiek/ltxcmds.sty
Package: ltxcmds 2011/11/09 v1.22 LaTeX kernel commands for general use (HO)
)
\Gread@gobject=\count103
))
\Gin@req@height=\dimen125
\Gin@req@width=\dimen126
)
(/usr/local/texlive/2014/texmf-dist/tex/latex/cite/cite.sty
LaTeX Info: Redefining \cite on input line 302.
LaTeX Info: Redefining \nocite on input line 373.
Package: cite 2010/09/10  v 5.3
)
(/usr/local/texlive/2014/texmf-dist/tex/latex/caption/caption.sty
Package: caption 2013/05/02 v3.3-89 Customizing captions (AR)

(/usr/local/texlive/2014/texmf-dist/tex/latex/caption/caption3.sty
Package: caption3 2013/05/02 v1.6-88 caption3 kernel (AR)
Package caption3 Info: TeX engine: e-TeX on input line 57.
\captionmargin=\dimen127
\captionmargin@=\dimen128
\captionwidth=\dimen129
\caption@tempdima=\dimen130
\caption@indent=\dimen131
\caption@parindent=\dimen132
\caption@hangindent=\dimen133
)
\c@ContinuedFloat=\count104
)
(/usr/local/texlive/2014/texmf-dist/tex/latex/caption/subcaption.sty
Package: subcaption 2013/02/03 v1.1-62 Sub-captions (AR)
\c@subfigure=\count105
\c@subtable=\count106
)
(/usr/local/texlive/2014/texmf-dist/tex/latex/graphics/color.sty
Package: color 2014/04/23 v1.1a Standard LaTeX Color (DPC)

(/usr/local/texlive/2014/texmf-dist/tex/latex/latexconfig/color.cfg
File: color.cfg 2007/01/18 v1.5 color configuration of teTeX/TeXLive
)
Package color Info: Driver file: pdftex.def on input line 137.
)
(/usr/local/texlive/2014/texmf-dist/tex/latex/tools/enumerate.sty
Package: enumerate 1999/03/05 v3.00 enumerate extensions (DPC)
\@enLab=\toks20
)
(/usr/local/texlive/2014/texmf-dist/tex/latex/multirow/multirow.sty
\bigstrutjot=\dimen134
)
(/usr/local/texlive/2014/texmf-dist/tex/latex/url/url.sty
\Urlmuskip=\muskip11
Package: url 2013/09/16  ver 3.4  Verb mode for urls, etc.
)
(/usr/local/texlive/2014/texmf-dist/tex/latex/tools/xr.sty
Package: xr 1994/05/28 v5.02 eXternal References (DPC)
)
\c@algorithm=\count107
\c@proposition=\count108
\c@restateproposition=\count109
\c@lemma=\count110
\c@corollary=\count111
\c@result=\count112
\c@note=\count113
)
\c@definition=\count114

(./cell_reorder.aux)
\openout1 = `cell_reorder.aux'.

LaTeX Font Info:    Checking defaults for OML/cmm/m/it on input line 3.
LaTeX Font Info:    ... okay on input line 3.
LaTeX Font Info:    Checking defaults for T1/cmr/m/n on input line 3.
LaTeX Font Info:    ... okay on input line 3.
LaTeX Font Info:    Checking defaults for OT1/cmr/m/n on input line 3.
LaTeX Font Info:    ... okay on input line 3.
LaTeX Font Info:    Checking defaults for OMS/cmsy/m/n on input line 3.
LaTeX Font Info:    ... okay on input line 3.
LaTeX Font Info:    Checking defaults for OMX/cmex/m/n on input line 3.
LaTeX Font Info:    ... okay on input line 3.
LaTeX Font Info:    Checking defaults for U/cmr/m/n on input line 3.
LaTeX Font Info:    ... okay on input line 3.

(/usr/local/texlive/2014/texmf-dist/tex/context/base/supp-pdf.mkii
[Loading MPS to PDF converter (version 2006.09.02).]
\scratchcounter=\count115
\scratchdimen=\dimen135
\scratchbox=\box28
\nofMPsegments=\count116
\nofMParguments=\count117
\everyMPshowfont=\toks21
\MPscratchCnt=\count118
\MPscratchDim=\dimen136
\MPnumerator=\count119
\makeMPintoPDFobject=\count120
\everyMPtoPDFconversion=\toks22
) (/usr/local/texlive/2014/texmf-dist/tex/generic/oberdiek/pdftexcmds.sty
Package: pdftexcmds 2011/11/29 v0.20 Utility functions of pdfTeX for LuaTeX (HO
)

(/usr/local/texlive/2014/texmf-dist/tex/generic/oberdiek/ifluatex.sty
Package: ifluatex 2010/03/01 v1.3 Provides the ifluatex switch (HO)
Package ifluatex Info: LuaTeX not detected.
)
(/usr/local/texlive/2014/texmf-dist/tex/generic/oberdiek/ifpdf.sty
Package: ifpdf 2011/01/30 v2.3 Provides the ifpdf switch (HO)
Package ifpdf Info: pdfTeX in PDF mode is detected.
)
Package pdftexcmds Info: LuaTeX not detected.
Package pdftexcmds Info: \pdf@primitive is available.
Package pdftexcmds Info: \pdf@ifprimitive is available.
Package pdftexcmds Info: \pdfdraftmode found.
)
(/usr/local/texlive/2014/texmf-dist/tex/latex/oberdiek/epstopdf-base.sty
Package: epstopdf-base 2010/02/09 v2.5 Base part for package epstopdf

(/usr/local/texlive/2014/texmf-dist/tex/latex/oberdiek/grfext.sty
Package: grfext 2010/08/19 v1.1 Manage graphics extensions (HO)

(/usr/local/texlive/2014/texmf-dist/tex/generic/oberdiek/kvdefinekeys.sty
Package: kvdefinekeys 2011/04/07 v1.3 Define keys (HO)
))
(/usr/local/texlive/2014/texmf-dist/tex/latex/oberdiek/kvoptions.sty
Package: kvoptions 2011/06/30 v3.11 Key value format for package options (HO)

(/usr/local/texlive/2014/texmf-dist/tex/generic/oberdiek/kvsetkeys.sty
Package: kvsetkeys 2012/04/25 v1.16 Key value parser (HO)

(/usr/local/texlive/2014/texmf-dist/tex/generic/oberdiek/etexcmds.sty
Package: etexcmds 2011/02/16 v1.5 Avoid name clashes with e-TeX commands (HO)
Package etexcmds Info: Could not find \expanded.
(etexcmds)             That can mean that you are not using pdfTeX 1.50 or
(etexcmds)             that some package has redefined \expanded.
(etexcmds)             In the latter case, load this package earlier.
)))
Package grfext Info: Graphics extension search list:
(grfext)             [.png,.pdf,.jpg,.mps,.jpeg,.jbig2,.jb2,.PNG,.PDF,.JPG,.JPE
G,.JBIG2,.JB2,.eps]
(grfext)             \AppendGraphicsExtensions on input line 452.

(/usr/local/texlive/2014/texmf-dist/tex/latex/latexconfig/epstopdf-sys.cfg
File: epstopdf-sys.cfg 2010/07/13 v1.3 Configuration of (r)epstopdf for TeX Liv
e
))
Package caption Info: Begin \AtBeginDocument code.
Package caption Info: End \AtBeginDocument code.
LaTeX Font Info:    Try loading font information for OMS+cmr on input line 11.

(/usr/local/texlive/2014/texmf-dist/tex/latex/base/omscmr.fd
File: omscmr.fd 1999/05/25 v2.5h Standard LaTeX font definitions
)
LaTeX Font Info:    Font shape `OMS/cmr/m/n' in size <10.95> not available
(Font)              Font shape `OMS/cmsy/m/n' tried instead on input line 11.
LaTeX Font Info:    Try loading font information for U+msa on input line 25.

(/usr/local/texlive/2014/texmf-dist/tex/latex/amsfonts/umsa.fd
File: umsa.fd 2013/01/14 v3.01 AMS symbols A
)
LaTeX Font Info:    Try loading font information for U+msb on input line 25.

(/usr/local/texlive/2014/texmf-dist/tex/latex/amsfonts/umsb.fd
File: umsb.fd 2013/01/14 v3.01 AMS symbols B
) [1{/usr/local/texlive/2014/texmf-var/fonts/map/pdftex/updmap/pdftex.map}

] [2]
Underfull \hbox (badness 10000) in paragraph at lines 92--93

 []

[3]

LaTeX Warning: Reference `fig:fig1' on page 4 undefined on input line 133.


LaTeX Warning: Reference `fig:fig2' on page 4 undefined on input line 133.


LaTeX Warning: Reference `fig:fig3' on page 4 undefined on input line 137.

[4]

LaTeX Warning: Reference `fig:fig4' on page 5 undefined on input line 141.


LaTeX Warning: Reference `fig:fig5' on page 5 undefined on input line 141.


LaTeX Warning: Reference `fig:fig6' on page 5 undefined on input line 141.


LaTeX Warning: Reference `fig:fig7' on page 5 undefined on input line 141.


<../figures/cell_order_R_figs/amp_compare.png, id=25, 324.21124pt x 488.82625pt
>
File: ../figures/cell_order_R_figs/amp_compare.png Graphic file (type png)
 <use ../figures/cell_order_R_figs/amp_compare.png>
Package pdftex.def Info: ../figures/cell_order_R_figs/amp_compare.png used on i
nput line 148.
(pdftex.def)             Requested size: 143.8011pt x 216.81pt.

<../figures/cell_order_R_figs/phi_compare.png, id=27, 324.21124pt x 488.82625pt
>
File: ../figures/cell_order_R_figs/phi_compare.png Graphic file (type png)
 <use ../figures/cell_order_R_figs/phi_compare.png>
Package pdftex.def Info: ../figures/cell_order_R_figs/phi_compare.png used on i
nput line 154.
(pdftex.def)             Requested size: 143.8011pt x 216.81pt.

Overfull \hbox (4.86667pt too wide) in paragraph at lines 146--156
 [][]  [] 
 []


<../figures/cell_order_R_figs/sigma_compare.png, id=28, 324.21124pt x 488.82625
pt>
File: ../figures/cell_order_R_figs/sigma_compare.png Graphic file (type png)
 <use ../figures/cell_order_R_figs/sigma_compare.png>
Package pdftex.def Info: ../figures/cell_order_R_figs/sigma_compare.png used on
 input line 160.
(pdftex.def)             Requested size: 143.8011pt x 216.81pt.

<../figures/cell_order_R_figs/original_cell_order.png, id=29, 324.21124pt x 488
.82625pt>
File: ../figures/cell_order_R_figs/original_cell_order.png Graphic file (type p
ng)
 <use ../figures/cell_order_R_figs/original_cell_order.png>
Package pdftex.def Info: ../figures/cell_order_R_figs/original_cell_order.png u
sed on input line 172.
(pdftex.def)             Requested size: 143.8011pt x 216.81pt.

<../figures/cell_order_R_figs/estd_cell_order_100_classes.png, id=30, 324.21124
pt x 488.82625pt>
File: ../figures/cell_order_R_figs/estd_cell_order_100_classes.png Graphic file
 (type png)

<use ../figures/cell_order_R_figs/estd_cell_order_100_classes.png>
Package pdftex.def Info: ../figures/cell_order_R_figs/estd_cell_order_100_class
es.png used on input line 178.
(pdftex.def)             Requested size: 143.8011pt x 216.81pt.

Overfull \hbox (4.86667pt too wide) in paragraph at lines 170--180
 [][]  [] 
 []


<../figures/cell_order_R_figs/estd_cell_order_phase_adjusted.png, id=31, 377.41
pt x 488.82625pt>
File: ../figures/cell_order_R_figs/estd_cell_order_phase_adjusted.png Graphic f
ile (type png)

<use ../figures/cell_order_R_figs/estd_cell_order_phase_adjusted.png>
Package pdftex.def Info: ../figures/cell_order_R_figs/estd_cell_order_phase_adj
usted.png used on input line 184.
(pdftex.def)             Requested size: 167.39694pt x 216.81pt.


LaTeX Warning: Float too large for page by 5.51216pt on input line 189.


<../figures/cell_order_R_figs/original_cell_order_exp_2_unsorted.png, id=32, 61
5.29875pt x 488.82625pt>
File: ../figures/cell_order_R_figs/original_cell_order_exp_2_unsorted.png Graph
ic file (type png)

<use ../figures/cell_order_R_figs/original_cell_order_exp_2_unsorted.png>
Package pdftex.def Info: ../figures/cell_order_R_figs/original_cell_order_exp_2
_unsorted.png used on input line 195.
(pdftex.def)             Requested size: 272.91046pt x 216.81pt.

Overfull \hbox (45.28842pt too wide) in paragraph at lines 195--196
 [][] 
 []


<../figures/cell_order_R_figs/original_cell_order_exp_2_sorted.png, id=33, 615.
29875pt x 488.82625pt>
File: ../figures/cell_order_R_figs/original_cell_order_exp_2_sorted.png Graphic
 file (type png)

<use ../figures/cell_order_R_figs/original_cell_order_exp_2_sorted.png>
Package pdftex.def Info: ../figures/cell_order_R_figs/original_cell_order_exp_2
_sorted.png used on input line 201.
(pdftex.def)             Requested size: 272.91046pt x 216.81pt.

Overfull \hbox (45.28842pt too wide) in paragraph at lines 201--202
 [][] 
 []


Overfull \hbox (4.86667pt too wide) in paragraph at lines 193--203
 [][]  [] 
 []


<../figures/cell_order_R_figs/estd_cell_order_100_classes_exp_2.png, id=34, 615
.29875pt x 488.82625pt>
File: ../figures/cell_order_R_figs/estd_cell_order_100_classes_exp_2.png Graphi
c file (type png)

<use ../figures/cell_order_R_figs/estd_cell_order_100_classes_exp_2.png>
Package pdftex.def Info: ../figures/cell_order_R_figs/estd_cell_order_100_class
es_exp_2.png used on input line 207.
(pdftex.def)             Requested size: 272.91046pt x 216.81pt.

Overfull \hbox (45.28842pt too wide) in paragraph at lines 207--208
 [][] 
 []


LaTeX Warning: Float too large for page by 5.51216pt on input line 212.


<../figures/cell_order_R_figs/amp_plot_genes_ipsc.png, id=35, 615.29875pt x 488
.82625pt>
File: ../figures/cell_order_R_figs/amp_plot_genes_ipsc.png Graphic file (type p
ng)
 <use ../figures/cell_order_R_figs/amp_plot_genes_ipsc.png>
Package pdftex.def Info: ../figures/cell_order_R_figs/amp_plot_genes_ipsc.png u
sed on input line 219.
(pdftex.def)             Requested size: 272.91046pt x 216.81pt.

Overfull \hbox (45.28842pt too wide) in paragraph at lines 219--220
 [][] 
 []


<../figures/cell_order_R_figs/phase_plot_genes_ipsc.png, id=36, 615.29875pt x 4
88.82625pt>
File: ../figures/cell_order_R_figs/phase_plot_genes_ipsc.png Graphic file (type
 png)
 <use ../figures/cell_order_R_figs/phase_plot_genes_ipsc.png>
Package pdftex.def Info: ../figures/cell_order_R_figs/phase_plot_genes_ipsc.png
 used on input line 225.
(pdftex.def)             Requested size: 272.91046pt x 216.81pt.

Overfull \hbox (45.28842pt too wide) in paragraph at lines 225--226
 [][] 
 []


Overfull \hbox (4.86667pt too wide) in paragraph at lines 217--227
 [][]  [] 
 []


<../figures/cell_order_R_figs/snr_plot_genes_ipsc.png, id=37, 615.29875pt x 488
.82625pt>
File: ../figures/cell_order_R_figs/snr_plot_genes_ipsc.png Graphic file (type p
ng)
 <use ../figures/cell_order_R_figs/snr_plot_genes_ipsc.png>
Package pdftex.def Info: ../figures/cell_order_R_figs/snr_plot_genes_ipsc.png u
sed on input line 231.
(pdftex.def)             Requested size: 272.91046pt x 216.81pt.

Overfull \hbox (45.28842pt too wide) in paragraph at lines 231--232
 [][] 
 []


<../figures/cell_order_R_figs/cell_times_plot.png, id=38, 669.50125pt x 488.826
25pt>
File: ../figures/cell_order_R_figs/cell_times_plot.png Graphic file (type png)
 <use ../figures/cell_order_R_figs/cell_times_plot.png>
Package pdftex.def Info: ../figures/cell_order_R_figs/cell_times_plot.png used 
on input line 237.
(pdftex.def)             Requested size: 296.9515pt x 216.81pt.

Overfull \hbox (69.32947pt too wide) in paragraph at lines 237--238
 [][] 
 []


Overfull \hbox (4.86667pt too wide) in paragraph at lines 229--239
 [][]  [] 
 []


<../figures/ipsc_structure_batchcorrect_cellcycle/clus_3/struct_clus_3_recovere
d_cell_order.png, id=39, 602.25pt x 401.5pt>
File: ../figures/ipsc_structure_batchcorrect_cellcycle/clus_3/struct_clus_3_rec
overed_cell_order.png Graphic file (type png)

<use ../figures/ipsc_structure_batchcorrect_cellcycle/clus_3/struct_clus_3_reco
vered_cell_order.png>
Package pdftex.def Info: ../figures/ipsc_structure_batchcorrect_cellcycle/clus_
3/struct_clus_3_recovered_cell_order.png used on input line 251.
(pdftex.def)             Requested size: 216.80983pt x 144.54pt.

<../figures/ipsc_structure_batchcorrect_cellcycle/clus_3/struct_clus_3_recovere
d_order.png, id=40, 602.25pt x 401.5pt>
File: ../figures/ipsc_structure_batchcorrect_cellcycle/clus_3/struct_clus_3_rec
overed_order.png Graphic file (type png)

<use ../figures/ipsc_structure_batchcorrect_cellcycle/clus_3/struct_clus_3_reco
vered_order.png>
Package pdftex.def Info: ../figures/ipsc_structure_batchcorrect_cellcycle/clus_
3/struct_clus_3_recovered_order.png used on input line 257.
(pdftex.def)             Requested size: 216.80983pt x 144.54pt.

Overfull \hbox (4.86667pt too wide) in paragraph at lines 249--259
 [][]  [] 
 []


<../figures/ipsc_structure_batchcorrect_cellcycle/clus_4/struct_clus_4_recovere
d_cell_order.png, id=41, 602.25pt x 401.5pt>
File: ../figures/ipsc_structure_batchcorrect_cellcycle/clus_4/struct_clus_4_rec
overed_cell_order.png Graphic file (type png)

<use ../figures/ipsc_structure_batchcorrect_cellcycle/clus_4/struct_clus_4_reco
vered_cell_order.png>
Package pdftex.def Info: ../figures/ipsc_structure_batchcorrect_cellcycle/clus_
4/struct_clus_4_recovered_cell_order.png used on input line 263.
(pdftex.def)             Requested size: 216.80983pt x 144.54pt.

<../figures/ipsc_structure_batchcorrect_cellcycle/clus_4/struct_clus_4_recovere
d_order.png, id=42, 602.25pt x 401.5pt>
File: ../figures/ipsc_structure_batchcorrect_cellcycle/clus_4/struct_clus_4_rec
overed_order.png Graphic file (type png)

<use ../figures/ipsc_structure_batchcorrect_cellcycle/clus_4/struct_clus_4_reco
vered_order.png>
Package pdftex.def Info: ../figures/ipsc_structure_batchcorrect_cellcycle/clus_
4/struct_clus_4_recovered_order.png used on input line 269.
(pdftex.def)             Requested size: 216.80983pt x 144.54pt.

Overfull \hbox (4.86667pt too wide) in paragraph at lines 261--271
 [][]  [] 
 []


<../figures/cell_order_R_figs/scree_plot.png, id=43, 669.50125pt x 488.82625pt>
File: ../figures/cell_order_R_figs/scree_plot.png Graphic file (type png)
<use ../figures/cell_order_R_figs/scree_plot.png>
Package pdftex.def Info: ../figures/cell_order_R_figs/scree_plot.png used on in
put line 281.
(pdftex.def)             Requested size: 197.96086pt x 144.54pt.

<../figures/cell_order_R_figs/PC_plot_12.png, id=44, 669.50125pt x 488.82625pt>
File: ../figures/cell_order_R_figs/PC_plot_12.png Graphic file (type png)
<use ../figures/cell_order_R_figs/PC_plot_12.png>
Package pdftex.def Info: ../figures/cell_order_R_figs/PC_plot_12.png used on in
put line 287.
(pdftex.def)             Requested size: 197.96086pt x 144.54pt.

Overfull \hbox (4.86667pt too wide) in paragraph at lines 279--289
 [][]  [] 
 []


<../figures/cell_order_R_figs/PC_plot_23.png, id=45, 669.50125pt x 488.82625pt>
File: ../figures/cell_order_R_figs/PC_plot_23.png Graphic file (type png)
<use ../figures/cell_order_R_figs/PC_plot_23.png>
Package pdftex.def Info: ../figures/cell_order_R_figs/PC_plot_23.png used on in
put line 293.
(pdftex.def)             Requested size: 197.96086pt x 144.54pt.

<../figures/cell_order_R_figs/pca_cellorder_rank_compare.png, id=46, 669.50125p
t x 488.82625pt>
File: ../figures/cell_order_R_figs/pca_cellorder_rank_compare.png Graphic file 
(type png)

<use ../figures/cell_order_R_figs/pca_cellorder_rank_compare.png>
Package pdftex.def Info: ../figures/cell_order_R_figs/pca_cellorder_rank_compar
e.png used on input line 299.
(pdftex.def)             Requested size: 197.96086pt x 144.54pt.

Overfull \hbox (4.86667pt too wide) in paragraph at lines 291--301
 [][]  [] 
 []


<../figures/cell_order_R_figs/amplitude_plot_phase_fixed.png, id=47, 453.695pt 
x 488.82625pt>
File: ../figures/cell_order_R_figs/amplitude_plot_phase_fixed.png Graphic file 
(type png)

<use ../figures/cell_order_R_figs/amplitude_plot_phase_fixed.png>
Package pdftex.def Info: ../figures/cell_order_R_figs/amplitude_plot_phase_fixe
d.png used on input line 312.
(pdftex.def)             Requested size: 201.23251pt x 216.81pt.

<../figures/cell_order_R_figs/phase_plot_phase_fixed.png, id=48, 453.695pt x 48
8.82625pt>
File: ../figures/cell_order_R_figs/phase_plot_phase_fixed.png Graphic file (typ
e png)
 <use ../figures/cell_order_R_figs/phase_plot_phase_fixed.png>
Package pdftex.def Info: ../figures/cell_order_R_figs/phase_plot_phase_fixed.pn
g used on input line 318.
(pdftex.def)             Requested size: 201.23251pt x 216.81pt.

Overfull \hbox (4.86667pt too wide) in paragraph at lines 310--320
 [][]  [] 
 []


<../figures/cell_order_R_figs/snr_plot_phase_fixed.png, id=49, 453.695pt x 488.
82625pt>
File: ../figures/cell_order_R_figs/snr_plot_phase_fixed.png Graphic file (type 
png)
 <use ../figures/cell_order_R_figs/snr_plot_phase_fixed.png>
Package pdftex.def Info: ../figures/cell_order_R_figs/snr_plot_phase_fixed.png 
used on input line 324.
(pdftex.def)             Requested size: 201.23251pt x 216.81pt.

<../figures/cell_order_R_figs/cell_times_phase_fixed.png, id=50, 453.695pt x 48
8.82625pt>
File: ../figures/cell_order_R_figs/cell_times_phase_fixed.png Graphic file (typ
e png)
 <use ../figures/cell_order_R_figs/cell_times_phase_fixed.png>
Package pdftex.def Info: ../figures/cell_order_R_figs/cell_times_phase_fixed.pn
g used on input line 330.
(pdftex.def)             Requested size: 201.23251pt x 216.81pt.

Overfull \hbox (4.86667pt too wide) in paragraph at lines 322--332
 [][]  [] 
 []


<../figures/cell_order_R_figs/pca_cellorder_rank_phase_fixed.png, id=51, 453.69
5pt x 488.82625pt>
File: ../figures/cell_order_R_figs/pca_cellorder_rank_phase_fixed.png Graphic f
ile (type png)

<use ../figures/cell_order_R_figs/pca_cellorder_rank_phase_fixed.png>
Package pdftex.def Info: ../figures/cell_order_R_figs/pca_cellorder_rank_phase_
fixed.png used on input line 336.
(pdftex.def)             Requested size: 201.23251pt x 216.81pt.


LaTeX Warning: Float too large for page by 200.52214pt on input line 342.


LaTeX Warning: Reference `fig:fig2' on page 5 undefined on input line 348.


LaTeX Warning: Reference `fig:fig3' on page 5 undefined on input line 348.


LaTeX Warning: Reference `fig:fig5' on page 5 undefined on input line 350.


LaTeX Warning: Reference `fig:fig5' on page 5 undefined on input line 350.


LaTeX Warning: Reference `fig:fig5' on page 5 undefined on input line 352.

[5]

LaTeX Warning: Reference `fig:fig5' on page 6 undefined on input line 354.

[6] [7] [8] [9 <../figures/cell_order_R_figs/amp_compare.png> <../figures/cell_
order_R_figs/phi_compare.png> <../figures/cell_order_R_figs/sigma_compare.png>]
[10 <../figures/cell_order_R_figs/original_cell_order.png> <../figures/cell_ord
er_R_figs/estd_cell_order_100_classes.png> <../figures/cell_order_R_figs/estd_c
ell_order_phase_adjusted.png>] [11 <../figures/cell_order_R_figs/original_cell_
order_exp_2_unsorted.png> <../figures/cell_order_R_figs/original_cell_order_exp
_2_sorted.png> <../figures/cell_order_R_figs/estd_cell_order_100_classes_exp_2.
png>] [12 <../figures/cell_order_R_figs/amp_plot_genes_ipsc.png> <../figures/ce
ll_order_R_figs/phase_plot_genes_ipsc.png> <../figures/cell_order_R_figs/snr_pl
ot_genes_ipsc.png> <../figures/cell_order_R_figs/cell_times_plot.png>] [13 <../
figures/ipsc_structure_batchcorrect_cellcycle/clus_3/struct_clus_3_recovered_ce
ll_order.png> <../figures/ipsc_structure_batchcorrect_cellcycle/clus_3/struct_c
lus_3_recovered_order.png> <../figures/ipsc_structure_batchcorrect_cellcycle/cl
us_4/struct_clus_4_recovered_cell_order.png> <../figures/ipsc_structure_batchco
rrect_cellcycle/clus_4/struct_clus_4_recovered_order.png>] [14 <../figures/cell
_order_R_figs/scree_plot.png> <../figures/cell_order_R_figs/PC_plot_12.png> <..
/figures/cell_order_R_figs/PC_plot_23.png> <../figures/cell_order_R_figs/pca_ce
llorder_rank_compare.png>] [15 <../figures/cell_order_R_figs/amplitude_plot_pha
se_fixed.png> <../figures/cell_order_R_figs/phase_plot_phase_fixed.png> <../fig
ures/cell_order_R_figs/snr_plot_phase_fixed.png> <../figures/cell_order_R_figs/
cell_times_phase_fixed.png> <../figures/cell_order_R_figs/pca_cellorder_rank_ph
ase_fixed.png>] (./cell_reorder.aux)

LaTeX Warning: There were undefined references.


LaTeX Warning: Label(s) may have changed. Rerun to get cross-references right.

 ) 
Here is how much of TeX's memory you used:
 4021 strings out of 493117
 64780 string characters out of 6135433
 133640 words of memory out of 5000000
 7388 multiletter control sequences out of 15000+600000
 10813 words of font info for 40 fonts, out of 8000000 for 9000
 1141 hyphenation exceptions out of 8191
 38i,9n,38p,1647b,483s stack positions out of 5000i,500n,10000p,200000b,80000s
</usr/local/texlive/2014/texmf-dist/fonts/type1/public/amsfonts/cm/cmbx10.pfb
></usr/local/texlive/2014/texmf-dist/fonts/type1/public/amsfonts/cm/cmbx12.pfb>
</usr/local/texlive/2014/texmf-dist/fonts/type1/public/amsfonts/cm/cmex10.pfb><
/usr/local/texlive/2014/texmf-dist/fonts/type1/public/amsfonts/cm/cmmi10.pfb></
usr/local/texlive/2014/texmf-dist/fonts/type1/public/amsfonts/cm/cmmi6.pfb></us
r/local/texlive/2014/texmf-dist/fonts/type1/public/amsfonts/cm/cmmi8.pfb></usr/
local/texlive/2014/texmf-dist/fonts/type1/public/amsfonts/cm/cmr10.pfb></usr/lo
cal/texlive/2014/texmf-dist/fonts/type1/public/amsfonts/cm/cmr8.pfb></usr/local
/texlive/2014/texmf-dist/fonts/type1/public/amsfonts/cm/cmsy10.pfb></usr/local/
texlive/2014/texmf-dist/fonts/type1/public/amsfonts/cm/cmsy6.pfb></usr/local/te
xlive/2014/texmf-dist/fonts/type1/public/amsfonts/cm/cmsy8.pfb></usr/local/texl
ive/2014/texmf-dist/fonts/type1/public/amsfonts/cm/cmti10.pfb>
Output written on cell_reorder.pdf (15 pages, 1115924 bytes).
PDF statistics:
 154 PDF objects out of 1000 (max. 8388607)
 72 compressed objects within 1 object stream
 0 named destinations out of 1000 (max. 500000)
 131 words of extra memory for PDF output out of 10000 (max. 10000000)

